
> literacy-assessment-frontend@1.0.0 build
> tsc && vite build

[36mvite v5.4.20 [32mbuilding for production...[36m[39m
transforming...


Source path: C:/Users/owner/Downloads/LITERACY TEST PROJECT/frontend/src/index.css
Setting up new context...
Finding changed files: 5.863ms
Reading changed files: 100.762ms
Sorting candidates: 3.165ms
Generate rules: 72.215ms
Build stylesheet: 2.212ms
Potential classes:  7262
Active contexts:  1
JIT TOTAL: 264.364ms


[32m✓[39m 2251 modules transformed.
rendering chunks...
computing gzip size...
[2mdist/[22m[32mindex.html                 [39m[1m[2m    0.79 kB[22m[1m[22m[2m │ gzip:   0.48 kB[22m
[2mdist/[22m[35massets/index-DqFYEnls.css  [39m[1m[2m   47.34 kB[22m[1m[22m[2m │ gzip:   8.18 kB[22m
[2mdist/[22m[36massets/index-Dq-8GJ85.js   [39m[1m[33m3,314.32 kB[39m[22m[2m │ gzip: 712.09 kB[22m[2m │ map: 20,697.31 kB[22m
[33m
(!) Some chunks are larger than 500 kB after minification. Consider:
- Using dynamic import() to code-split the application
- Use build.rollupOptions.output.manualChunks to improve chunking: https://rollupjs.org/configuration-options/#output-manualchunks
- Adjust chunk size limit for this warning via build.chunkSizeWarningLimit.[39m
[32m✓ built in 9.24s[39m
